find_header: checking for rice/rice.hpp in /Users/maxhatfull/.gem/ruby/3.3.5/gems/rice-4.3.3/include... -------------------- yes

DYLD_LIBRARY_PATH=.:/Users/maxhatfull/.rubies/ruby-3.3.5/lib "clang++ -o conftest -I/Users/maxhatfull/.rubies/ruby-3.3.5/include/ruby-3.3.0/arm64-darwin23 -I/Users/maxhatfull/.rubies/ruby-3.3.5/include/ruby-3.3.0/ruby/backward -I/Users/maxhatfull/.rubies/ruby-3.3.5/include/ruby-3.3.0 -I. -I/opt/homebrew/opt/readline/include -I/opt/homebrew/opt/libyaml/include -I/opt/homebrew/opt/gdbm/include -D_XOPEN_SOURCE -D_DARWIN_C_SOURCE -D_DARWIN_UNLIMITED_SELECT -D_REENTRANT   -fdeclspec conftest.cc  -L. -L/Users/maxhatfull/.rubies/ruby-3.3.5/lib -L/opt/homebrew/opt/readline/lib -L/opt/homebrew/opt/libyaml/lib -L/opt/homebrew/opt/gdbm/lib -L. -fstack-protector-strong -L/opt/homebrew/opt/readline/lib -L/opt/homebrew/opt/libyaml/lib -L/opt/homebrew/opt/gdbm/lib  -arch arm64   -lruby.3.3-static -framework CoreFoundation -ldl -lobjc -lpthread   -lpthread  "
ld: warning: ignoring duplicate libraries: '-lpthread'
checked program was:
/* begin */
1: #include "ruby.h"
2: 
3: int main(int argc, char **argv)
4: {
5:   return !!argv[argc];
6: }
/* end */

DYLD_LIBRARY_PATH=.:/Users/maxhatfull/.rubies/ruby-3.3.5/lib "clang++ -I/Users/maxhatfull/.rubies/ruby-3.3.5/include/ruby-3.3.0/arm64-darwin23 -I/Users/maxhatfull/.rubies/ruby-3.3.5/include/ruby-3.3.0/ruby/backward -I/Users/maxhatfull/.rubies/ruby-3.3.5/include/ruby-3.3.0 -I. -I/opt/homebrew/opt/readline/include -I/opt/homebrew/opt/libyaml/include -I/opt/homebrew/opt/gdbm/include -D_XOPEN_SOURCE -D_DARWIN_C_SOURCE -D_DARWIN_UNLIMITED_SELECT -D_REENTRANT   -fdeclspec -std=c++17 -arch arm64  -c conftest.cc"
conftest.cc:3:10: fatal error: 'rice/rice.hpp' file not found
    3 | #include <rice/rice.hpp>
      |          ^~~~~~~~~~~~~~~
1 error generated.
checked program was:
/* begin */
1: #include "ruby.h"
2: 
3: #include <rice/rice.hpp>
/* end */

DYLD_LIBRARY_PATH=.:/Users/maxhatfull/.rubies/ruby-3.3.5/lib "clang++ -I/Users/maxhatfull/.rubies/ruby-3.3.5/include/ruby-3.3.0/arm64-darwin23 -I/Users/maxhatfull/.rubies/ruby-3.3.5/include/ruby-3.3.0/ruby/backward -I/Users/maxhatfull/.rubies/ruby-3.3.5/include/ruby-3.3.0 -I. -I/opt/homebrew/opt/readline/include -I/opt/homebrew/opt/libyaml/include -I/opt/homebrew/opt/gdbm/include -D_XOPEN_SOURCE -D_DARWIN_C_SOURCE -D_DARWIN_UNLIMITED_SELECT -D_REENTRANT   -fdeclspec -std=c++17 -arch arm64 -I/Users/maxhatfull/.gem/ruby/3.3.5/gems/rice-4.3.3/include -c conftest.cc"
checked program was:
/* begin */
1: #include "ruby.h"
2: 
3: #include <rice/rice.hpp>
/* end */

--------------------

have_library: checking for -lc++... -------------------- yes

DYLD_LIBRARY_PATH=.:/Users/maxhatfull/.rubies/ruby-3.3.5/lib "clang++ -o conftest -I/Users/maxhatfull/.rubies/ruby-3.3.5/include/ruby-3.3.0/arm64-darwin23 -I/Users/maxhatfull/.rubies/ruby-3.3.5/include/ruby-3.3.0/ruby/backward -I/Users/maxhatfull/.rubies/ruby-3.3.5/include/ruby-3.3.0 -I. -I/Users/maxhatfull/.gem/ruby/3.3.5/gems/rice-4.3.3/include -I/opt/homebrew/opt/readline/include -I/opt/homebrew/opt/libyaml/include -I/opt/homebrew/opt/gdbm/include -D_XOPEN_SOURCE -D_DARWIN_C_SOURCE -D_DARWIN_UNLIMITED_SELECT -D_REENTRANT   -fdeclspec conftest.cc  -L. -L/Users/maxhatfull/.rubies/ruby-3.3.5/lib -L/opt/homebrew/opt/readline/lib -L/opt/homebrew/opt/libyaml/lib -L/opt/homebrew/opt/gdbm/lib -L. -fstack-protector-strong -L/opt/homebrew/opt/readline/lib -L/opt/homebrew/opt/libyaml/lib -L/opt/homebrew/opt/gdbm/lib  -arch arm64   -lruby.3.3-static -framework CoreFoundation -ldl -lobjc -lpthread  -lc++  -lpthread  "
ld: warning: ignoring duplicate libraries: '-lc++', '-lpthread'
checked program was:
/* begin */
 1: #include "ruby.h"
 2: 
 3: /*top*/
 4: extern int t(void);
 5: int main(int argc, char **argv)
 6: {
 7:   if (argc > 1000000) {
 8:     int (* volatile tp)(void)=(int (*)(void))&t;
 9:     printf("%d", (*tp)());
10:   }
11: 
12:   return !!argv[argc];
13: }
14: 
15: int t(void) { ; return 0; }
/* end */

--------------------

